31/03/2022 15:03:20:693  INFO - In Progress | session id:sess1210450 | noovi_cloud_soluctions:AvayaDefaultDisconnectHandler | Default Disconnect Handler | Default connection.disconnect handler caught disconnect, application exiting |  |  | undefined
31/03/2022 16:21:56:734 ERROR - In Progress | session id:sess3489653 | noovi_cloud_soluctions:check_hora |  | javax.servlet.ServletException:  EXCEPTION> 
java.lang.NullPointerException
	at com.avaya.sce.runtime.VariableField.getStringValue(VariableField.java:348)
	at com.avaya.sce.runtime.Expression.getStringValue(Expression.java:89)
	at com.avaya.sce.runtime.Expression.evaluate(Expression.java:544)
	at com.avaya.sce.runtime.Condition.evaluate(Condition.java:121)
	at flow.check_hora.executeDataActions(check_hora.java:82)
	at com.avaya.sce.runtime.Data.handleRequest(Data.java:121)
	at com.avaya.sce.runtime.AppServlet.processRequest(AppServlet.java:96)
	at com.avaya.sce.runtime.SCEServlet.requestHandler(SCEServlet.java:247)
	at com.avaya.sce.runtime.SCEServlet.doPost(SCEServlet.java:148)
	at javax.servlet.http.HttpServlet.service(HttpServlet.java:660)
	at javax.servlet.http.HttpServlet.service(HttpServlet.java:741)
	at org.apache.catalina.core.ApplicationFilterChain.internalDoFilter(ApplicationFilterChain.java:231)
	at org.apache.catalina.core.ApplicationFilterChain.doFilter(ApplicationFilterChain.java:166)
	at org.apache.tomcat.websocket.server.WsFilter.doFilter(WsFilter.java:53)
	at org.apache.catalina.core.ApplicationFilterChain.internalDoFilter(ApplicationFilterChain.java:193)
	at org.apache.catalina.core.ApplicationFilterChain.doFilter(ApplicationFilterChain.java:166)
	at org.apache.catalina.core.StandardWrapperValve.invoke(StandardWrapperValve.java:199)
	at org.apache.catalina.core.StandardContextValve.invoke(StandardContextValve.java:96)
	at org.apache.catalina.authenticator.AuthenticatorBase.invoke(AuthenticatorBase.java:494)
	at org.apache.catalina.core.StandardHostValve.invoke(StandardHostValve.java:139)
	at org.apache.catalina.valves.ErrorReportValve.invoke(ErrorReportValve.java:92)
	at org.apache.catalina.valves.AbstractAccessLogValve.invoke(AbstractAccessLogValve.java:651)
	at org.apache.catalina.core.StandardEngineValve.invoke(StandardEngineValve.java:87)
	at org.apache.catalina.connector.CoyoteAdapter.service(CoyoteAdapter.java:343)
	at org.apache.coyote.http11.Http11Processor.service(Http11Processor.java:412)
	at org.apache.coyote.AbstractProcessorLight.process(AbstractProcessorLight.java:66)
	at org.apache.coyote.AbstractProtocol$ConnectionHandler.process(AbstractProtocol.java:754)
	at org.apache.tomcat.util.net.NioEndpoint$SocketProcessor.doRun(NioEndpoint.java:1385)
	at org.apache.tomcat.util.net.SocketProcessorBase.run(SocketProcessorBase.java:49)
	at java.util.concurrent.ThreadPoolExecutor.runWorker(Unknown Source)
	at java.util.concurrent.ThreadPoolExecutor$Worker.run(Unknown Source)
	at org.apache.tomcat.util.threads.TaskThread$WrappingRunnable.run(TaskThread.java:61)
	at java.lang.Thread.run(Unknown Source)
 | Exception stack trace | Error processing request
 EXCEPTION> 
javax.servlet.ServletException:  EXCEPTION> 
java.lang.NullPointerException
	at com.avaya.sce.runtime.VariableField.getStringValue(VariableField.java:348)
	at com.avaya.sce.runtime.Expression.getStringValue(Expression.java:89)
	at com.avaya.sce.runtime.Expression.evaluate(Expression.java:544)
	at com.avaya.sce.runtime.Condition.evaluate(Condition.java:121)
	at flow.check_hora.executeDataActions(check_hora.java:82)
	at com.avaya.sce.runtime.Data.handleRequest(Data.java:121)
	at com.avaya.sce.runtime.AppServlet.processRequest(AppServlet.java:96)
	at com.avaya.sce.runtime.SCEServlet.requestHandler(SCEServlet.java:247)
	at com.avaya.sce.runtime.SCEServlet.doPost(SCEServlet.java:148)
	at javax.servlet.http.HttpServlet.service(HttpServlet.java:660)
	at javax.servlet.http.HttpServlet.service(HttpServlet.java:741)
	at org.apache.catalina.core.ApplicationFilterChain.internalDoFilter(ApplicationFilterChain.java:231)
	at org.apache.catalina.core.ApplicationFilterChain.doFilter(ApplicationFilterChain.java:166)
	at org.apache.tomcat.websocket.server.WsFilter.doFilter(WsFilter.java:53)
	at org.apache.catalina.core.ApplicationFilterChain.internalDoFilter(ApplicationFilterChain.java:193)
	at org.apache.catalina.core.ApplicationFilterChain.doFilter(ApplicationFilterChain.java:166)
	at org.apache.catalina.core.StandardWrapperValve.invoke(StandardWrapperValve.java:199)
	at org.apache.catalina.core.StandardContextValve.invoke(StandardContextValve.java:96)
	at org.apache.catalina.authenticator.AuthenticatorBase.invoke(AuthenticatorBase.java:494)
	at org.apache.catalina.core.StandardHostValve.invoke(StandardHostValve.java:139)
	at org.apache.catalina.valves.ErrorReportValve.invoke(ErrorReportValve.java:92)
	at org.apache.catalina.valves.AbstractAccessLogValve.invoke(AbstractAccessLogValve.java:651)
	at org.apache.catalina.core.StandardEngineValve.invoke(StandardEngineValve.java:87)
	at org.apache.catalina.connector.CoyoteAdapter.service(CoyoteAdapter.java:343)
	at org.apache.coyote.http11.Http11Processor.service(Http11Processor.java:412)
	at org.apache.coyote.AbstractProcessorLight.process(AbstractProcessorLight.java:66)
	at org.apache.coyote.AbstractProtocol$ConnectionHandler.process(AbstractProtocol.java:754)
	at org.apache.tomcat.util.net.NioEndpoint$SocketProcessor.doRun(NioEndpoint.java:1385)
	at org.apache.tomcat.util.net.SocketProcessorBase.run(SocketProcessorBase.java:49)
	at java.util.concurrent.ThreadPoolExecutor.runWorker(Unknown Source)
	at java.util.concurrent.ThreadPoolExecutor$Worker.run(Unknown Source)
	at org.apache.tomcat.util.threads.TaskThread$WrappingRunnable.run(TaskThread.java:61)
	at java.lang.Thread.run(Unknown Source)

	at com.avaya.sce.runtime.Data.handleRequest(Data.java:132)
	at com.avaya.sce.runtime.AppServlet.processRequest(AppServlet.java:96)
	at com.avaya.sce.runtime.SCEServlet.requestHandler(SCEServlet.java:247)
	at com.avaya.sce.runtime.SCEServlet.doPost(SCEServlet.java:148)
	at javax.servlet.http.HttpServlet.service(HttpServlet.java:660)
	at javax.servlet.http.HttpServlet.service(HttpServlet.java:741)
	at org.apache.catalina.core.ApplicationFilterChain.internalDoFilter(ApplicationFilterChain.java:231)
	at org.apache.catalina.core.ApplicationFilterChain.doFilter(ApplicationFilterChain.java:166)
	at org.apache.tomcat.websocket.server.WsFilter.doFilter(WsFilter.java:53)
	at org.apache.catalina.core.ApplicationFilterChain.internalDoFilter(ApplicationFilterChain.java:193)
	at org.apache.catalina.core.ApplicationFilterChain.doFilter(ApplicationFilterChain.java:166)
	at org.apache.catalina.core.StandardWrapperValve.invoke(StandardWrapperValve.java:199)
	at org.apache.catalina.core.StandardContextValve.invoke(StandardContextValve.java:96)
	at org.apache.catalina.authenticator.AuthenticatorBase.invoke(AuthenticatorBase.java:494)
	at org.apache.catalina.core.StandardHostValve.invoke(StandardHostValve.java:139)
	at org.apache.catalina.valves.ErrorReportValve.invoke(ErrorReportValve.java:92)
	at org.apache.catalina.valves.AbstractAccessLogValve.invoke(AbstractAccessLogValve.java:651)
	at org.apache.catalina.core.StandardEngineValve.invoke(StandardEngineValve.java:87)
	at org.apache.catalina.connector.CoyoteAdapter.service(CoyoteAdapter.java:343)
	at org.apache.coyote.http11.Http11Processor.service(Http11Processor.java:412)
	at org.apache.coyote.AbstractProcessorLight.process(AbstractProcessorLight.java:66)
	at org.apache.coyote.AbstractProtocol$ConnectionHandler.process(AbstractProtocol.java:754)
	at org.apache.tomcat.util.net.NioEndpoint$SocketProcessor.doRun(NioEndpoint.java:1385)
	at org.apache.tomcat.util.net.SocketProcessorBase.run(SocketProcessorBase.java:49)
	at java.util.concurrent.ThreadPoolExecutor.runWorker(Unknown Source)
	at java.util.concurrent.ThreadPoolExecutor$Worker.run(Unknown Source)
	at org.apache.tomcat.util.threads.TaskThread$WrappingRunnable.run(TaskThread.java:61)
	at java.lang.Thread.run(Unknown Source)
 | undefined
01/04/2022 14:09:07:623  INFO - In Progress | session id:sess3481668 | noovi_cloud_soluctions:AvayaDefaultDisconnectHandler | Default Disconnect Handler | Default connection.disconnect handler caught disconnect, application exiting |  |  | undefined
04/04/2022 16:53:07:757  INFO - In Progress | session id:sess5199841 | noovi_cloud_solutions:AvayaDefaultDisconnectHandler | Default Disconnect Handler | Default connection.disconnect handler caught disconnect, application exiting |  |  | undefined
04/04/2022 16:58:13:231  INFO - In Progress | session id:sess3443570 | noovi_cloud_solutions:AvayaDefaultDisconnectHandler | Default Disconnect Handler | Default connection.disconnect handler caught disconnect, application exiting |  |  | undefined
13/04/2022 14:58:23:209 ERROR - In Progress | session id:sess9827563 | noovi_cloud_solutions:speak_opcionais |  | java.lang.NullPointerException | Exception stack trace | Error processing request
 EXCEPTION> 
java.lang.NullPointerException
	at com.avaya.sce.runtime.Phraseset.getPhrase(Phraseset.java:70)
	at portuguese.phrasesets.audio.getPhrase(audio.java:145)
	at com.avaya.sce.runtime.PhraseVariableElement.getPhrase(PhraseVariableElement.java:279)
	at com.avaya.sce.runtime.PhraseVariableElement.getPhrases(PhraseVariableElement.java:355)
	at com.avaya.sce.runtime.vxml.OutputGenerator.promptMiddle(OutputGenerator.java:1043)
	at com.avaya.sce.runtime.Prompt.generate(Prompt.java:279)
	at com.avaya.sce.runtime.Form.handleRequest(Form.java:247)
	at com.avaya.sce.runtime.AppDocument.processRequest(AppDocument.java:343)
	at com.avaya.sce.runtime.SCEServlet.requestHandler(SCEServlet.java:247)
	at com.avaya.sce.runtime.SCEServlet.doGet(SCEServlet.java:140)
	at javax.servlet.http.HttpServlet.service(HttpServlet.java:634)
	at javax.servlet.http.HttpServlet.service(HttpServlet.java:741)
	at org.apache.catalina.core.ApplicationFilterChain.internalDoFilter(ApplicationFilterChain.java:231)
	at org.apache.catalina.core.ApplicationFilterChain.doFilter(ApplicationFilterChain.java:166)
	at org.apache.tomcat.websocket.server.WsFilter.doFilter(WsFilter.java:53)
	at org.apache.catalina.core.ApplicationFilterChain.internalDoFilter(ApplicationFilterChain.java:193)
	at org.apache.catalina.core.ApplicationFilterChain.doFilter(ApplicationFilterChain.java:166)
	at org.apache.catalina.core.StandardWrapperValve.invoke(StandardWrapperValve.java:199)
	at org.apache.catalina.core.StandardContextValve.invoke(StandardContextValve.java:96)
	at org.apache.catalina.authenticator.AuthenticatorBase.invoke(AuthenticatorBase.java:494)
	at org.apache.catalina.core.StandardHostValve.invoke(StandardHostValve.java:139)
	at org.apache.catalina.valves.ErrorReportValve.invoke(ErrorReportValve.java:92)
	at org.apache.catalina.valves.AbstractAccessLogValve.invoke(AbstractAccessLogValve.java:651)
	at org.apache.catalina.core.StandardEngineValve.invoke(StandardEngineValve.java:87)
	at org.apache.catalina.connector.CoyoteAdapter.service(CoyoteAdapter.java:343)
	at org.apache.coyote.http11.Http11Processor.service(Http11Processor.java:412)
	at org.apache.coyote.AbstractProcessorLight.process(AbstractProcessorLight.java:66)
	at org.apache.coyote.AbstractProtocol$ConnectionHandler.process(AbstractProtocol.java:754)
	at org.apache.tomcat.util.net.NioEndpoint$SocketProcessor.doRun(NioEndpoint.java:1385)
	at org.apache.tomcat.util.net.SocketProcessorBase.run(SocketProcessorBase.java:49)
	at java.util.concurrent.ThreadPoolExecutor.runWorker(Unknown Source)
	at java.util.concurrent.ThreadPoolExecutor$Worker.run(Unknown Source)
	at org.apache.tomcat.util.threads.TaskThread$WrappingRunnable.run(TaskThread.java:61)
	at java.lang.Thread.run(Unknown Source)
 | undefined
18/04/2022 17:17:02:115 ERROR - In Progress | session id:sess849720 | noovi_cloud_solutions:Subfluxo_0-speak_menu4 |  | java.lang.NullPointerException | Exception stack trace | Error processing request
 EXCEPTION> 
java.lang.NullPointerException
	at com.avaya.sce.runtime.SCEServlet.reportUtteranceIfOne(SCEServlet.java:424)
	at com.avaya.sce.runtime.SCEServlet.processRequest(SCEServlet.java:658)
	at com.avaya.sce.runtime.AppDocument.processRequest(AppDocument.java:281)
	at com.avaya.sce.runtime.SCEServlet.requestHandler(SCEServlet.java:247)
	at com.avaya.sce.runtime.SCEServlet.doPost(SCEServlet.java:148)
	at javax.servlet.http.HttpServlet.service(HttpServlet.java:660)
	at javax.servlet.http.HttpServlet.service(HttpServlet.java:741)
	at org.apache.catalina.core.ApplicationFilterChain.internalDoFilter(ApplicationFilterChain.java:231)
	at org.apache.catalina.core.ApplicationFilterChain.doFilter(ApplicationFilterChain.java:166)
	at org.apache.tomcat.websocket.server.WsFilter.doFilter(WsFilter.java:53)
	at org.apache.catalina.core.ApplicationFilterChain.internalDoFilter(ApplicationFilterChain.java:193)
	at org.apache.catalina.core.ApplicationFilterChain.doFilter(ApplicationFilterChain.java:166)
	at org.apache.catalina.core.StandardWrapperValve.invoke(StandardWrapperValve.java:199)
	at org.apache.catalina.core.StandardContextValve.invoke(StandardContextValve.java:96)
	at org.apache.catalina.authenticator.AuthenticatorBase.invoke(AuthenticatorBase.java:494)
	at org.apache.catalina.core.StandardHostValve.invoke(StandardHostValve.java:139)
	at org.apache.catalina.valves.ErrorReportValve.invoke(ErrorReportValve.java:92)
	at org.apache.catalina.valves.AbstractAccessLogValve.invoke(AbstractAccessLogValve.java:651)
	at org.apache.catalina.core.StandardEngineValve.invoke(StandardEngineValve.java:87)
	at org.apache.catalina.connector.CoyoteAdapter.service(CoyoteAdapter.java:343)
	at org.apache.coyote.http11.Http11Processor.service(Http11Processor.java:412)
	at org.apache.coyote.AbstractProcessorLight.process(AbstractProcessorLight.java:66)
	at org.apache.coyote.AbstractProtocol$ConnectionHandler.process(AbstractProtocol.java:754)
	at org.apache.tomcat.util.net.NioEndpoint$SocketProcessor.doRun(NioEndpoint.java:1385)
	at org.apache.tomcat.util.net.SocketProcessorBase.run(SocketProcessorBase.java:49)
	at java.util.concurrent.ThreadPoolExecutor.runWorker(Unknown Source)
	at java.util.concurrent.ThreadPoolExecutor$Worker.run(Unknown Source)
	at org.apache.tomcat.util.threads.TaskThread$WrappingRunnable.run(TaskThread.java:61)
	at java.lang.Thread.run(Unknown Source)
 | undefined
18/04/2022 17:17:58:029 ERROR - In Progress | session id:sess8171307 | noovi_cloud_solutions:Subfluxo_0-speak_menu4 |  | java.lang.NullPointerException | Exception stack trace | Error processing request
 EXCEPTION> 
java.lang.NullPointerException
	at com.avaya.sce.runtime.SCEServlet.reportUtteranceIfOne(SCEServlet.java:424)
	at com.avaya.sce.runtime.SCEServlet.processRequest(SCEServlet.java:658)
	at com.avaya.sce.runtime.AppDocument.processRequest(AppDocument.java:281)
	at com.avaya.sce.runtime.SCEServlet.requestHandler(SCEServlet.java:247)
	at com.avaya.sce.runtime.SCEServlet.doPost(SCEServlet.java:148)
	at javax.servlet.http.HttpServlet.service(HttpServlet.java:660)
	at javax.servlet.http.HttpServlet.service(HttpServlet.java:741)
	at org.apache.catalina.core.ApplicationFilterChain.internalDoFilter(ApplicationFilterChain.java:231)
	at org.apache.catalina.core.ApplicationFilterChain.doFilter(ApplicationFilterChain.java:166)
	at org.apache.tomcat.websocket.server.WsFilter.doFilter(WsFilter.java:53)
	at org.apache.catalina.core.ApplicationFilterChain.internalDoFilter(ApplicationFilterChain.java:193)
	at org.apache.catalina.core.ApplicationFilterChain.doFilter(ApplicationFilterChain.java:166)
	at org.apache.catalina.core.StandardWrapperValve.invoke(StandardWrapperValve.java:199)
	at org.apache.catalina.core.StandardContextValve.invoke(StandardContextValve.java:96)
	at org.apache.catalina.authenticator.AuthenticatorBase.invoke(AuthenticatorBase.java:494)
	at org.apache.catalina.core.StandardHostValve.invoke(StandardHostValve.java:139)
	at org.apache.catalina.valves.ErrorReportValve.invoke(ErrorReportValve.java:92)
	at org.apache.catalina.valves.AbstractAccessLogValve.invoke(AbstractAccessLogValve.java:651)
	at org.apache.catalina.core.StandardEngineValve.invoke(StandardEngineValve.java:87)
	at org.apache.catalina.connector.CoyoteAdapter.service(CoyoteAdapter.java:343)
	at org.apache.coyote.http11.Http11Processor.service(Http11Processor.java:412)
	at org.apache.coyote.AbstractProcessorLight.process(AbstractProcessorLight.java:66)
	at org.apache.coyote.AbstractProtocol$ConnectionHandler.process(AbstractProtocol.java:754)
	at org.apache.tomcat.util.net.NioEndpoint$SocketProcessor.doRun(NioEndpoint.java:1385)
	at org.apache.tomcat.util.net.SocketProcessorBase.run(SocketProcessorBase.java:49)
	at java.util.concurrent.ThreadPoolExecutor.runWorker(Unknown Source)
	at java.util.concurrent.ThreadPoolExecutor$Worker.run(Unknown Source)
	at org.apache.tomcat.util.threads.TaskThread$WrappingRunnable.run(TaskThread.java:61)
	at java.lang.Thread.run(Unknown Source)
 | undefined
18/04/2022 17:19:02:502 ERROR - In Progress | session id:sess4579245 | noovi_cloud_solutions:Subfluxo_0-speak_menu2 |  | java.lang.NullPointerException | Exception stack trace | Error processing request
 EXCEPTION> 
java.lang.NullPointerException
	at com.avaya.sce.runtime.SCEServlet.reportUtteranceIfOne(SCEServlet.java:424)
	at com.avaya.sce.runtime.SCEServlet.processRequest(SCEServlet.java:658)
	at com.avaya.sce.runtime.AppDocument.processRequest(AppDocument.java:281)
	at com.avaya.sce.runtime.SCEServlet.requestHandler(SCEServlet.java:247)
	at com.avaya.sce.runtime.SCEServlet.doPost(SCEServlet.java:148)
	at javax.servlet.http.HttpServlet.service(HttpServlet.java:660)
	at javax.servlet.http.HttpServlet.service(HttpServlet.java:741)
	at org.apache.catalina.core.ApplicationFilterChain.internalDoFilter(ApplicationFilterChain.java:231)
	at org.apache.catalina.core.ApplicationFilterChain.doFilter(ApplicationFilterChain.java:166)
	at org.apache.tomcat.websocket.server.WsFilter.doFilter(WsFilter.java:53)
	at org.apache.catalina.core.ApplicationFilterChain.internalDoFilter(ApplicationFilterChain.java:193)
	at org.apache.catalina.core.ApplicationFilterChain.doFilter(ApplicationFilterChain.java:166)
	at org.apache.catalina.core.StandardWrapperValve.invoke(StandardWrapperValve.java:199)
	at org.apache.catalina.core.StandardContextValve.invoke(StandardContextValve.java:96)
	at org.apache.catalina.authenticator.AuthenticatorBase.invoke(AuthenticatorBase.java:494)
	at org.apache.catalina.core.StandardHostValve.invoke(StandardHostValve.java:139)
	at org.apache.catalina.valves.ErrorReportValve.invoke(ErrorReportValve.java:92)
	at org.apache.catalina.valves.AbstractAccessLogValve.invoke(AbstractAccessLogValve.java:651)
	at org.apache.catalina.core.StandardEngineValve.invoke(StandardEngineValve.java:87)
	at org.apache.catalina.connector.CoyoteAdapter.service(CoyoteAdapter.java:343)
	at org.apache.coyote.http11.Http11Processor.service(Http11Processor.java:412)
	at org.apache.coyote.AbstractProcessorLight.process(AbstractProcessorLight.java:66)
	at org.apache.coyote.AbstractProtocol$ConnectionHandler.process(AbstractProtocol.java:754)
	at org.apache.tomcat.util.net.NioEndpoint$SocketProcessor.doRun(NioEndpoint.java:1385)
	at org.apache.tomcat.util.net.SocketProcessorBase.run(SocketProcessorBase.java:49)
	at java.util.concurrent.ThreadPoolExecutor.runWorker(Unknown Source)
	at java.util.concurrent.ThreadPoolExecutor$Worker.run(Unknown Source)
	at org.apache.tomcat.util.threads.TaskThread$WrappingRunnable.run(TaskThread.java:61)
	at java.lang.Thread.run(Unknown Source)
 | undefined
18/04/2022 17:19:41:272  INFO - In Progress | session id:sess5663475 | noovi_cloud_solutions:AvayaDefaultDisconnectHandler | Default Disconnect Handler | Default connection.disconnect handler caught disconnect, application exiting |  |  | undefined
18/04/2022 17:44:09:722 ERROR - In Progress | session id:sess9058677 | noovi_cloud_solutions:Subfluxo_0-Subfluxo_3 |  | java.lang.NullPointerException | Exception stack trace | Error processing request
 EXCEPTION> 
java.lang.NullPointerException
	at com.avaya.sce.runtime.SCEServlet.reportUtteranceIfOne(SCEServlet.java:424)
	at com.avaya.sce.runtime.SCEServlet.processRequest(SCEServlet.java:658)
	at com.avaya.sce.runtime.AppServlet.processRequest(AppServlet.java:76)
	at com.avaya.sce.runtime.SCEServlet.requestHandler(SCEServlet.java:247)
	at com.avaya.sce.runtime.SCEServlet.doPost(SCEServlet.java:148)
	at javax.servlet.http.HttpServlet.service(HttpServlet.java:660)
	at javax.servlet.http.HttpServlet.service(HttpServlet.java:741)
	at org.apache.catalina.core.ApplicationFilterChain.internalDoFilter(ApplicationFilterChain.java:231)
	at org.apache.catalina.core.ApplicationFilterChain.doFilter(ApplicationFilterChain.java:166)
	at org.apache.tomcat.websocket.server.WsFilter.doFilter(WsFilter.java:53)
	at org.apache.catalina.core.ApplicationFilterChain.internalDoFilter(ApplicationFilterChain.java:193)
	at org.apache.catalina.core.ApplicationFilterChain.doFilter(ApplicationFilterChain.java:166)
	at org.apache.catalina.core.StandardWrapperValve.invoke(StandardWrapperValve.java:199)
	at org.apache.catalina.core.StandardContextValve.invoke(StandardContextValve.java:96)
	at org.apache.catalina.authenticator.AuthenticatorBase.invoke(AuthenticatorBase.java:494)
	at org.apache.catalina.core.StandardHostValve.invoke(StandardHostValve.java:139)
	at org.apache.catalina.valves.ErrorReportValve.invoke(ErrorReportValve.java:92)
	at org.apache.catalina.valves.AbstractAccessLogValve.invoke(AbstractAccessLogValve.java:651)
	at org.apache.catalina.core.StandardEngineValve.invoke(StandardEngineValve.java:87)
	at org.apache.catalina.connector.CoyoteAdapter.service(CoyoteAdapter.java:343)
	at org.apache.coyote.http11.Http11Processor.service(Http11Processor.java:412)
	at org.apache.coyote.AbstractProcessorLight.process(AbstractProcessorLight.java:66)
	at org.apache.coyote.AbstractProtocol$ConnectionHandler.process(AbstractProtocol.java:754)
	at org.apache.tomcat.util.net.NioEndpoint$SocketProcessor.doRun(NioEndpoint.java:1385)
	at org.apache.tomcat.util.net.SocketProcessorBase.run(SocketProcessorBase.java:49)
	at java.util.concurrent.ThreadPoolExecutor.runWorker(Unknown Source)
	at java.util.concurrent.ThreadPoolExecutor$Worker.run(Unknown Source)
	at org.apache.tomcat.util.threads.TaskThread$WrappingRunnable.run(TaskThread.java:61)
	at java.lang.Thread.run(Unknown Source)
 | undefined
18/04/2022 17:52:47:721  INFO - In Progress | session id:sess3047103 | noovi_cloud_solutions:AvayaDefaultDisconnectHandler | Default Disconnect Handler | Default connection.disconnect handler caught disconnect, application exiting |  |  | undefined
19/04/2022 10:04:12:233  INFO - In Progress | session id:sess129388 | noovi_cloud_solutions:AvayaDefaultDisconnectHandler | Default Disconnect Handler | Default connection.disconnect handler caught disconnect, application exiting |  |  | undefined
